<!DOCTYPE html>
<html>
  <head>
    <meta charset="utf-8"/>
    <title>Test Report</title>
    <link href="assets/style.css" rel="stylesheet" type="text/css"/></head>
  <body onLoad="init()">
    <script>/* This Source Code Form is subject to the terms of the Mozilla Public
 * License, v. 2.0. If a copy of the MPL was not distributed with this file,
 * You can obtain one at http://mozilla.org/MPL/2.0/. */


function toArray(iter) {
    if (iter === null) {
        return null;
    }
    return Array.prototype.slice.call(iter);
}

function find(selector, elem) { // eslint-disable-line no-redeclare
    if (!elem) {
        elem = document;
    }
    return elem.querySelector(selector);
}

function findAll(selector, elem) {
    if (!elem) {
        elem = document;
    }
    return toArray(elem.querySelectorAll(selector));
}

function sortColumn(elem) {
    toggleSortStates(elem);
    const colIndex = toArray(elem.parentNode.childNodes).indexOf(elem);
    let key;
    if (elem.classList.contains('result')) {
        key = keyResult;
    } else if (elem.classList.contains('links')) {
        key = keyLink;
    } else {
        key = keyAlpha;
    }
    sortTable(elem, key(colIndex));
}

function showAllExtras() { // eslint-disable-line no-unused-vars
    findAll('.col-result').forEach(showExtras);
}

function hideAllExtras() { // eslint-disable-line no-unused-vars
    findAll('.col-result').forEach(hideExtras);
}

function showExtras(colresultElem) {
    const extras = colresultElem.parentNode.nextElementSibling;
    const expandcollapse = colresultElem.firstElementChild;
    extras.classList.remove('collapsed');
    expandcollapse.classList.remove('expander');
    expandcollapse.classList.add('collapser');
}

function hideExtras(colresultElem) {
    const extras = colresultElem.parentNode.nextElementSibling;
    const expandcollapse = colresultElem.firstElementChild;
    extras.classList.add('collapsed');
    expandcollapse.classList.remove('collapser');
    expandcollapse.classList.add('expander');
}

function showFilters() {
    const filterItems = document.getElementsByClassName('filter');
    for (let i = 0; i < filterItems.length; i++)
        filterItems[i].hidden = false;
}

function addCollapse() {
    // Add links for show/hide all
    const resulttable = find('table#results-table');
    const showhideall = document.createElement('p');
    showhideall.innerHTML = '<a href="javascript:showAllExtras()">Show all details</a> / ' +
                            '<a href="javascript:hideAllExtras()">Hide all details</a>';
    resulttable.parentElement.insertBefore(showhideall, resulttable);

    // Add show/hide link to each result
    findAll('.col-result').forEach(function(elem) {
        const collapsed = getQueryParameter('collapsed') || 'Passed';
        const extras = elem.parentNode.nextElementSibling;
        const expandcollapse = document.createElement('span');
        if (extras.classList.contains('collapsed')) {
            expandcollapse.classList.add('expander');
        } else if (collapsed.includes(elem.innerHTML)) {
            extras.classList.add('collapsed');
            expandcollapse.classList.add('expander');
        } else {
            expandcollapse.classList.add('collapser');
        }
        elem.appendChild(expandcollapse);

        elem.addEventListener('click', function(event) {
            if (event.currentTarget.parentNode.nextElementSibling.classList.contains('collapsed')) {
                showExtras(event.currentTarget);
            } else {
                hideExtras(event.currentTarget);
            }
        });
    });
}

function getQueryParameter(name) {
    const match = RegExp('[?&]' + name + '=([^&]*)').exec(window.location.search);
    return match && decodeURIComponent(match[1].replace(/\+/g, ' '));
}

function init () { // eslint-disable-line no-unused-vars
    resetSortHeaders();

    addCollapse();

    showFilters();

    sortColumn(find('.initial-sort'));

    findAll('.sortable').forEach(function(elem) {
        elem.addEventListener('click',
            function() {
                sortColumn(elem);
            }, false);
    });
}

function sortTable(clicked, keyFunc) {
    const rows = findAll('.results-table-row');
    const reversed = !clicked.classList.contains('asc');
    const sortedRows = sort(rows, keyFunc, reversed);
    /* Whole table is removed here because browsers acts much slower
     * when appending existing elements.
     */
    const thead = document.getElementById('results-table-head');
    document.getElementById('results-table').remove();
    const parent = document.createElement('table');
    parent.id = 'results-table';
    parent.appendChild(thead);
    sortedRows.forEach(function(elem) {
        parent.appendChild(elem);
    });
    document.getElementsByTagName('BODY')[0].appendChild(parent);
}

function sort(items, keyFunc, reversed) {
    const sortArray = items.map(function(item, i) {
        return [keyFunc(item), i];
    });

    sortArray.sort(function(a, b) {
        const keyA = a[0];
        const keyB = b[0];

        if (keyA == keyB) return 0;

        if (reversed) {
            return keyA < keyB ? 1 : -1;
        } else {
            return keyA > keyB ? 1 : -1;
        }
    });

    return sortArray.map(function(item) {
        const index = item[1];
        return items[index];
    });
}

function keyAlpha(colIndex) {
    return function(elem) {
        return elem.childNodes[1].childNodes[colIndex].firstChild.data.toLowerCase();
    };
}

function keyLink(colIndex) {
    return function(elem) {
        const dataCell = elem.childNodes[1].childNodes[colIndex].firstChild;
        return dataCell == null ? '' : dataCell.innerText.toLowerCase();
    };
}

function keyResult(colIndex) {
    return function(elem) {
        const strings = ['Error', 'Failed', 'Rerun', 'XFailed', 'XPassed',
            'Skipped', 'Passed'];
        return strings.indexOf(elem.childNodes[1].childNodes[colIndex].firstChild.data);
    };
}

function resetSortHeaders() {
    findAll('.sort-icon').forEach(function(elem) {
        elem.parentNode.removeChild(elem);
    });
    findAll('.sortable').forEach(function(elem) {
        const icon = document.createElement('div');
        icon.className = 'sort-icon';
        icon.textContent = 'vvv';
        elem.insertBefore(icon, elem.firstChild);
        elem.classList.remove('desc', 'active');
        elem.classList.add('asc', 'inactive');
    });
}

function toggleSortStates(elem) {
    //if active, toggle between asc and desc
    if (elem.classList.contains('active')) {
        elem.classList.toggle('asc');
        elem.classList.toggle('desc');
    }

    //if inactive, reset all other functions and add ascending active
    if (elem.classList.contains('inactive')) {
        resetSortHeaders();
        elem.classList.remove('inactive');
        elem.classList.add('active');
    }
}

function isAllRowsHidden(value) {
    return value.hidden == false;
}

function filterTable(elem) { // eslint-disable-line no-unused-vars
    const outcomeAtt = 'data-test-result';
    const outcome = elem.getAttribute(outcomeAtt);
    const classOutcome = outcome + ' results-table-row';
    const outcomeRows = document.getElementsByClassName(classOutcome);

    for(let i = 0; i < outcomeRows.length; i++){
        outcomeRows[i].hidden = !elem.checked;
    }

    const rows = findAll('.results-table-row').filter(isAllRowsHidden);
    const allRowsHidden = rows.length == 0 ? true : false;
    const notFoundMessage = document.getElementById('not-found-message');
    notFoundMessage.hidden = !allRowsHidden;
}
</script>
    <h1>report.html</h1>
    <p>Report generated on 26-Oct-2021 at 01:19:43 by <a href="https://pypi.python.org/pypi/pytest-html">pytest-html</a> v3.1.1</p>
    <h2>Environment</h2>
    <table id="environment">
      <tr>
        <td>Packages</td>
        <td>{"pluggy": "1.0.0", "py": "1.10.0", "pytest": "6.2.5"}</td></tr>
      <tr>
        <td>Platform</td>
        <td>Windows-10-10.0.19043-SP0</td></tr>
      <tr>
        <td>Plugins</td>
        <td>{"dependency": "0.5.1", "html": "3.1.1", "metadata": "1.11.0", "order": "1.0.0", "ordering": "0.6"}</td></tr>
      <tr>
        <td>Python</td>
        <td>3.9.7</td></tr></table>
    <h2>Summary</h2>
    <p>9 tests ran in 350.34 seconds. </p>
    <p class="filter" hidden="true">(Un)check the boxes to filter the results.</p><input checked="true" class="filter" data-test-result="passed" hidden="true" name="filter_checkbox" onChange="filterTable(this)" type="checkbox"/><span class="passed">8 passed</span>, <input checked="true" class="filter" data-test-result="skipped" disabled="true" hidden="true" name="filter_checkbox" onChange="filterTable(this)" type="checkbox"/><span class="skipped">0 skipped</span>, <input checked="true" class="filter" data-test-result="failed" hidden="true" name="filter_checkbox" onChange="filterTable(this)" type="checkbox"/><span class="failed">1 failed</span>, <input checked="true" class="filter" data-test-result="error" disabled="true" hidden="true" name="filter_checkbox" onChange="filterTable(this)" type="checkbox"/><span class="error">0 errors</span>, <input checked="true" class="filter" data-test-result="xfailed" disabled="true" hidden="true" name="filter_checkbox" onChange="filterTable(this)" type="checkbox"/><span class="xfailed">0 expected failures</span>, <input checked="true" class="filter" data-test-result="xpassed" disabled="true" hidden="true" name="filter_checkbox" onChange="filterTable(this)" type="checkbox"/><span class="xpassed">0 unexpected passes</span>
    <h2>Results</h2>
    <table id="results-table">
      <thead id="results-table-head">
        <tr>
          <th class="sortable result initial-sort" col="result">Result</th>
          <th class="sortable" col="name">Test</th>
          <th class="sortable" col="duration">Duration</th>
          <th class="sortable links" col="links">Links</th></tr>
        <tr hidden="true" id="not-found-message">
          <th colspan="4">No results found. Try to check the filters</th></tr></thead>
      <tbody class="failed results-table-row">
        <tr>
          <td class="col-result">Failed</td>
          <td class="col-name">login_tests.py::LoginTests::test_validLogin</td>
          <td class="col-duration">9.33</td>
          <td class="col-links"></td></tr>
        <tr>
          <td class="extra" colspan="4">
            <div class="log">self = &lt;tests.home.login_tests.LoginTests testMethod=test_validLogin&gt;<br/><br/>    @pytest.mark.run(order=7)<br/>    def test_validLogin(self):<br/>        # self.lp.clearFields()<br/>        #time.sleep(2)<br/>        self.lp.closeLoginForm()<br/>        # self.driver.get(self.baseURL)<br/>        self.lp.signInLink()<br/>        self.lp.login(&quot;kamil@vintagebardev.com&quot;, &quot;KaA2018!&quot;)<br/>        time.sleep(5)<br/>        result1 = self.lp.verifyLoginTitle()<br/>        self.ts.mark(result1, &quot;Title Verified&quot;)<br/>        #assert result2 == True<br/>        result2 = self.lp.verifyLoginSuccessful()<br/>&gt;       self.ts.markFinal(&quot;test_validLogin&quot;, result2, &quot;login successful&quot;)<br/><br/>login_tests.py:34: <br/>_ _ _ _ _ _ _ _ _ _ _ _ _ _ _ _ _ _ _ _ _ _ _ _ _ _ _ _ _ _ _ _ _ _ _ _ _ _ _ _ <br/><br/>self = &lt;utilities.teststatus.TestStatus object at 0x000002A836F32340&gt;, testName = &#x27;test_validLogin&#x27;, result = True, resultMessage = &#x27;login successful&#x27;<br/><br/>    def markFinal(self, testName, result, resultMessage):<br/>        &quot;&quot;&quot;<br/>        Mark the final result of the verification point in a test case<br/>        This needs to be called at least once in a test case<br/>        This should be final test status of the test case<br/>        &quot;&quot;&quot;<br/>        self.setResult(result, resultMessage)<br/>    <br/>        if &quot;FAIL&quot; in self.resultList:<br/>            self.log.error(testName +  &quot; ### TEST FAILED&quot;)<br/>            self.resultList.clear()<br/>&gt;           assert True == False<br/><span class="error">E           AssertionError</span><br/><br/>..\..\utilities\teststatus.py:70: AssertionError<br/> -----------------------------Captured stdout setup------------------------------ <br/>Running method level setUp
<br/> -------------------------------Captured log call-------------------------------- <br/>INFO     LoginPage:selenium_driver.py:66 Element found with locator: //button/i[contains(@class,&#x27;material-icons&#x27;)] and  locatorType: xpath
INFO     LoginPage:selenium_driver.py:99 Clicked on element with locator: //button/i[contains(@class,&#x27;material-icons&#x27;)] locatorType: xpath
INFO     LoginPage:selenium_driver.py:66 Element found with locator: //div[contains(@class,&#x27;right-top&#x27;)]//a/span[contains(text(),&#x27;Sign&#x27;)] and  locatorType: xpath
INFO     LoginPage:selenium_driver.py:99 Clicked on element with locator: //div[contains(@class,&#x27;right-top&#x27;)]//a/span[contains(text(),&#x27;Sign&#x27;)] locatorType: xpath
INFO     LoginPage:selenium_driver.py:66 Element found with locator: //div[contains(@class,&#x27;create-account&#x27;)]//input[contains(@placeholder,&#x27;Email *&#x27;)] and  locatorType: xpath
INFO     LoginPage:selenium_driver.py:115 Sent data on element with locator: //div[contains(@class,&#x27;create-account&#x27;)]//input[contains(@placeholder,&#x27;Email *&#x27;)] locatorType: xpath
INFO     LoginPage:selenium_driver.py:66 Element found with locator: //div[contains(@class,&#x27;create-account&#x27;)]//input[contains(@placeholder,&#x27;Password *&#x27;)] and  locatorType: xpath
INFO     LoginPage:selenium_driver.py:115 Sent data on element with locator: //div[contains(@class,&#x27;create-account&#x27;)]//input[contains(@placeholder,&#x27;Password *&#x27;)] locatorType: xpath
INFO     LoginPage:selenium_driver.py:66 Element found with locator: //button[contains(text(),&#x27;SIGN&#x27;)] and  locatorType: xpath
INFO     LoginPage:selenium_driver.py:99 Clicked on element with locator: //button[contains(text(),&#x27;SIGN&#x27;)] locatorType: xpath
INFO     Util:util.py:81 Actual Text From Application Web UI --&gt; :: The Vintage Bar | Pre-Owned Designer Luxury for Women
INFO     Util:util.py:82 Expected Text From Application Web UI --&gt; :: Testing the login
INFO     Util:util.py:87 ### VERIFICATION DOES NOT CONTAINS !!!
ERROR    TestStatus:teststatus.py:41 ### VERIFICATION FAILED :: + Title Verified
INFO     TestStatus:selenium_driver.py:33 Screenshot save to directory: C:\Users\kamil\projects\letskodeit\base\../screenshots/Title Verified.1635191257879.png
INFO     LoginPage:selenium_driver.py:66 Element found with locator: //li/a/i and  locatorType: xpath
INFO     LoginPage:selenium_driver.py:156 Element present with locator: //li/a/i locatorType: xpath
INFO     TestStatus:teststatus.py:38 ### VERIFICATION SUCCESSFUL :: + login successful
ERROR    TestStatus:teststatus.py:68 test_validLogin ### TEST FAILED<br/> ----------------------------Captured stdout teardown---------------------------- <br/>Running method level tearDown
<br/></div></td></tr></tbody>
      <tbody class="passed results-table-row">
        <tr>
          <td class="col-result">Passed</td>
          <td class="col-name">login_tests.py::LoginTests::test_invalidLogin</td>
          <td class="col-duration">110.85</td>
          <td class="col-links"></td></tr>
        <tr>
          <td class="extra" colspan="4">
            <div class="log"> -----------------------------Captured stdout setup------------------------------ <br/>Running one time setUp
Running method level setUp
<br/> -------------------------------Captured log call-------------------------------- <br/>INFO     LoginPage:selenium_driver.py:66 Element found with locator: //div[contains(@class,&#x27;right-top&#x27;)]//a/span[contains(text(),&#x27;Sign&#x27;)] and  locatorType: xpath
INFO     LoginPage:selenium_driver.py:99 Clicked on element with locator: //div[contains(@class,&#x27;right-top&#x27;)]//a/span[contains(text(),&#x27;Sign&#x27;)] locatorType: xpath
INFO     LoginPage:selenium_driver.py:66 Element found with locator: //div[contains(@class,&#x27;create-account&#x27;)]//input[contains(@placeholder,&#x27;Email *&#x27;)] and  locatorType: xpath
INFO     LoginPage:selenium_driver.py:115 Sent data on element with locator: //div[contains(@class,&#x27;create-account&#x27;)]//input[contains(@placeholder,&#x27;Email *&#x27;)] locatorType: xpath
INFO     LoginPage:selenium_driver.py:66 Element found with locator: //div[contains(@class,&#x27;create-account&#x27;)]//input[contains(@placeholder,&#x27;Password *&#x27;)] and  locatorType: xpath
INFO     LoginPage:selenium_driver.py:115 Sent data on element with locator: //div[contains(@class,&#x27;create-account&#x27;)]//input[contains(@placeholder,&#x27;Password *&#x27;)] locatorType: xpath
INFO     LoginPage:selenium_driver.py:66 Element found with locator: //button[contains(text(),&#x27;SIGN&#x27;)] and  locatorType: xpath
INFO     LoginPage:selenium_driver.py:99 Clicked on element with locator: //button[contains(text(),&#x27;SIGN&#x27;)] locatorType: xpath
INFO     LoginPage:selenium_driver.py:66 Element found with locator: //span[contains(text(),&#x27;Invalid credentials&#x27;)] and  locatorType: xpath
INFO     LoginPage:selenium_driver.py:156 Element present with locator: //span[contains(text(),&#x27;Invalid credentials&#x27;)] locatorType: xpath<br/> ----------------------------Captured stdout teardown---------------------------- <br/>Running method level tearDown
<br/></div></td></tr></tbody>
      <tbody class="passed results-table-row">
        <tr>
          <td class="col-result">Passed</td>
          <td class="col-name">login_tests.py::LoginTests::test_invalidNotLoginBlank</td>
          <td class="col-duration">92.84</td>
          <td class="col-links"></td></tr>
        <tr>
          <td class="extra" colspan="4">
            <div class="log"> -----------------------------Captured stdout setup------------------------------ <br/>Running method level setUp
<br/> -------------------------------Captured log call-------------------------------- <br/>INFO     LoginPage:selenium_driver.py:66 Element found with locator: //div[contains(@class,&#x27;right-top&#x27;)]//a/span[contains(text(),&#x27;Sign&#x27;)] and  locatorType: xpath
INFO     LoginPage:selenium_driver.py:99 Clicked on element with locator: //div[contains(@class,&#x27;right-top&#x27;)]//a/span[contains(text(),&#x27;Sign&#x27;)] locatorType: xpath
INFO     LoginPage:selenium_driver.py:66 Element found with locator: //div[contains(@class,&#x27;create-account&#x27;)]//input[contains(@placeholder,&#x27;Email *&#x27;)] and  locatorType: xpath
INFO     LoginPage:selenium_driver.py:115 Sent data on element with locator: //div[contains(@class,&#x27;create-account&#x27;)]//input[contains(@placeholder,&#x27;Email *&#x27;)] locatorType: xpath
INFO     LoginPage:selenium_driver.py:66 Element found with locator: //div[contains(@class,&#x27;create-account&#x27;)]//input[contains(@placeholder,&#x27;Password *&#x27;)] and  locatorType: xpath
INFO     LoginPage:selenium_driver.py:115 Sent data on element with locator: //div[contains(@class,&#x27;create-account&#x27;)]//input[contains(@placeholder,&#x27;Password *&#x27;)] locatorType: xpath
INFO     LoginPage:selenium_driver.py:66 Element found with locator: //button[contains(text(),&#x27;SIGN&#x27;)] and  locatorType: xpath
INFO     LoginPage:selenium_driver.py:99 Clicked on element with locator: //button[contains(text(),&#x27;SIGN&#x27;)] locatorType: xpath
INFO     LoginPage:selenium_driver.py:66 Element found with locator: //span[contains(text(),&#x27;Email address is required&#x27;)] and  locatorType: xpath
INFO     LoginPage:selenium_driver.py:156 Element present with locator: //span[contains(text(),&#x27;Email address is required&#x27;)] locatorType: xpath<br/> ----------------------------Captured stdout teardown---------------------------- <br/>Running method level tearDown
<br/></div></td></tr></tbody>
      <tbody class="passed results-table-row">
        <tr>
          <td class="col-result">Passed</td>
          <td class="col-name">login_tests.py::LoginTests::test_invalidNotLoginBlankPass</td>
          <td class="col-duration">3.94</td>
          <td class="col-links"></td></tr>
        <tr>
          <td class="extra" colspan="4">
            <div class="log"> -----------------------------Captured stdout setup------------------------------ <br/>Running method level setUp
<br/> -------------------------------Captured log call-------------------------------- <br/>INFO     LoginPage:selenium_driver.py:66 Element found with locator: //button/i[contains(@class,&#x27;material-icons&#x27;)] and  locatorType: xpath
INFO     LoginPage:selenium_driver.py:99 Clicked on element with locator: //button/i[contains(@class,&#x27;material-icons&#x27;)] locatorType: xpath
INFO     LoginPage:selenium_driver.py:66 Element found with locator: //div[contains(@class,&#x27;right-top&#x27;)]//a/span[contains(text(),&#x27;Sign&#x27;)] and  locatorType: xpath
INFO     LoginPage:selenium_driver.py:99 Clicked on element with locator: //div[contains(@class,&#x27;right-top&#x27;)]//a/span[contains(text(),&#x27;Sign&#x27;)] locatorType: xpath
INFO     LoginPage:selenium_driver.py:66 Element found with locator: //div[contains(@class,&#x27;create-account&#x27;)]//input[contains(@placeholder,&#x27;Email *&#x27;)] and  locatorType: xpath
INFO     LoginPage:selenium_driver.py:115 Sent data on element with locator: //div[contains(@class,&#x27;create-account&#x27;)]//input[contains(@placeholder,&#x27;Email *&#x27;)] locatorType: xpath
INFO     LoginPage:selenium_driver.py:66 Element found with locator: //div[contains(@class,&#x27;create-account&#x27;)]//input[contains(@placeholder,&#x27;Password *&#x27;)] and  locatorType: xpath
INFO     LoginPage:selenium_driver.py:115 Sent data on element with locator: //div[contains(@class,&#x27;create-account&#x27;)]//input[contains(@placeholder,&#x27;Password *&#x27;)] locatorType: xpath
INFO     LoginPage:selenium_driver.py:66 Element found with locator: //button[contains(text(),&#x27;SIGN&#x27;)] and  locatorType: xpath
INFO     LoginPage:selenium_driver.py:99 Clicked on element with locator: //button[contains(text(),&#x27;SIGN&#x27;)] locatorType: xpath
INFO     LoginPage:selenium_driver.py:66 Element found with locator: //span[contains(text(),&#x27;Password is required&#x27;)] and  locatorType: xpath
INFO     LoginPage:selenium_driver.py:156 Element present with locator: //span[contains(text(),&#x27;Password is required&#x27;)] locatorType: xpath<br/> ----------------------------Captured stdout teardown---------------------------- <br/>Running method level tearDown
<br/></div></td></tr></tbody>
      <tbody class="passed results-table-row">
        <tr>
          <td class="col-result">Passed</td>
          <td class="col-name">login_tests.py::LoginTests::test_invalidNotLoginBlankMailId</td>
          <td class="col-duration">3.90</td>
          <td class="col-links"></td></tr>
        <tr>
          <td class="extra" colspan="4">
            <div class="log"> -----------------------------Captured stdout setup------------------------------ <br/>Running method level setUp
<br/> -------------------------------Captured log call-------------------------------- <br/>INFO     LoginPage:selenium_driver.py:66 Element found with locator: //button/i[contains(@class,&#x27;material-icons&#x27;)] and  locatorType: xpath
INFO     LoginPage:selenium_driver.py:99 Clicked on element with locator: //button/i[contains(@class,&#x27;material-icons&#x27;)] locatorType: xpath
INFO     LoginPage:selenium_driver.py:66 Element found with locator: //div[contains(@class,&#x27;right-top&#x27;)]//a/span[contains(text(),&#x27;Sign&#x27;)] and  locatorType: xpath
INFO     LoginPage:selenium_driver.py:99 Clicked on element with locator: //div[contains(@class,&#x27;right-top&#x27;)]//a/span[contains(text(),&#x27;Sign&#x27;)] locatorType: xpath
INFO     LoginPage:selenium_driver.py:66 Element found with locator: //div[contains(@class,&#x27;create-account&#x27;)]//input[contains(@placeholder,&#x27;Email *&#x27;)] and  locatorType: xpath
INFO     LoginPage:selenium_driver.py:115 Sent data on element with locator: //div[contains(@class,&#x27;create-account&#x27;)]//input[contains(@placeholder,&#x27;Email *&#x27;)] locatorType: xpath
INFO     LoginPage:selenium_driver.py:66 Element found with locator: //div[contains(@class,&#x27;create-account&#x27;)]//input[contains(@placeholder,&#x27;Password *&#x27;)] and  locatorType: xpath
INFO     LoginPage:selenium_driver.py:115 Sent data on element with locator: //div[contains(@class,&#x27;create-account&#x27;)]//input[contains(@placeholder,&#x27;Password *&#x27;)] locatorType: xpath
INFO     LoginPage:selenium_driver.py:66 Element found with locator: //button[contains(text(),&#x27;SIGN&#x27;)] and  locatorType: xpath
INFO     LoginPage:selenium_driver.py:99 Clicked on element with locator: //button[contains(text(),&#x27;SIGN&#x27;)] locatorType: xpath
INFO     LoginPage:selenium_driver.py:66 Element found with locator: //span[contains(text(),&#x27;Email address is required&#x27;)] and  locatorType: xpath
INFO     LoginPage:selenium_driver.py:156 Element present with locator: //span[contains(text(),&#x27;Email address is required&#x27;)] locatorType: xpath<br/> ----------------------------Captured stdout teardown---------------------------- <br/>Running method level tearDown
<br/></div></td></tr></tbody>
      <tbody class="passed results-table-row">
        <tr>
          <td class="col-result">Passed</td>
          <td class="col-name">login_tests.py::LoginTests::test_maskedPassword</td>
          <td class="col-duration">3.88</td>
          <td class="col-links"></td></tr>
        <tr>
          <td class="extra" colspan="4">
            <div class="log"> -----------------------------Captured stdout setup------------------------------ <br/>Running method level setUp
<br/> -------------------------------Captured log call-------------------------------- <br/>INFO     LoginPage:selenium_driver.py:66 Element found with locator: //button/i[contains(@class,&#x27;material-icons&#x27;)] and  locatorType: xpath
INFO     LoginPage:selenium_driver.py:99 Clicked on element with locator: //button/i[contains(@class,&#x27;material-icons&#x27;)] locatorType: xpath
INFO     LoginPage:selenium_driver.py:66 Element found with locator: //div[contains(@class,&#x27;right-top&#x27;)]//a/span[contains(text(),&#x27;Sign&#x27;)] and  locatorType: xpath
INFO     LoginPage:selenium_driver.py:99 Clicked on element with locator: //div[contains(@class,&#x27;right-top&#x27;)]//a/span[contains(text(),&#x27;Sign&#x27;)] locatorType: xpath
INFO     LoginPage:selenium_driver.py:66 Element found with locator: //div[contains(@class,&#x27;create-account&#x27;)]//input[contains(@placeholder,&#x27;Email *&#x27;)] and  locatorType: xpath
INFO     LoginPage:selenium_driver.py:115 Sent data on element with locator: //div[contains(@class,&#x27;create-account&#x27;)]//input[contains(@placeholder,&#x27;Email *&#x27;)] locatorType: xpath
INFO     LoginPage:selenium_driver.py:66 Element found with locator: //div[contains(@class,&#x27;create-account&#x27;)]//input[contains(@placeholder,&#x27;Password *&#x27;)] and  locatorType: xpath
INFO     LoginPage:selenium_driver.py:115 Sent data on element with locator: //div[contains(@class,&#x27;create-account&#x27;)]//input[contains(@placeholder,&#x27;Password *&#x27;)] locatorType: xpath
INFO     LoginPage:selenium_driver.py:66 Element found with locator: //button[contains(text(),&#x27;SIGN&#x27;)] and  locatorType: xpath
INFO     LoginPage:selenium_driver.py:99 Clicked on element with locator: //button[contains(text(),&#x27;SIGN&#x27;)] locatorType: xpath
INFO     LoginPage:selenium_driver.py:66 Element found with locator: //input[contains(@type,&#x27;password&#x27;)] and  locatorType: xpath
INFO     LoginPage:selenium_driver.py:179 Element is displayed with locator: //input[contains(@type,&#x27;password&#x27;)] locatorType: xpath<br/> ----------------------------Captured stdout teardown---------------------------- <br/>Running method level tearDown
<br/></div></td></tr></tbody>
      <tbody class="passed results-table-row">
        <tr>
          <td class="col-result">Passed</td>
          <td class="col-name">login_tests.py::LoginTests::test_verifyLoginPages</td>
          <td class="col-duration">0.50</td>
          <td class="col-links"></td></tr>
        <tr>
          <td class="extra" colspan="4">
            <div class="log"> -----------------------------Captured stdout setup------------------------------ <br/>Running method level setUp
<br/> -------------------------------Captured log call-------------------------------- <br/>INFO     LoginPage:selenium_driver.py:66 Element found with locator: //button/i[contains(@class,&#x27;material-icons&#x27;)] and  locatorType: xpath
INFO     LoginPage:selenium_driver.py:99 Clicked on element with locator: //button/i[contains(@class,&#x27;material-icons&#x27;)] locatorType: xpath
INFO     LoginPage:selenium_driver.py:66 Element found with locator: //div[contains(@class,&#x27;right-top&#x27;)]//a/span[contains(text(),&#x27;Sign&#x27;)] and  locatorType: xpath
INFO     LoginPage:selenium_driver.py:99 Clicked on element with locator: //div[contains(@class,&#x27;right-top&#x27;)]//a/span[contains(text(),&#x27;Sign&#x27;)] locatorType: xpath
INFO     LoginPage:selenium_driver.py:66 Element found with locator: //h3[contains(text(),&#x27;MEMBER SIGN IN&#x27;)] and  locatorType: xpath
INFO     LoginPage:selenium_driver.py:156 Element present with locator: //h3[contains(text(),&#x27;MEMBER SIGN IN&#x27;)] locatorType: xpath<br/> ----------------------------Captured stdout teardown---------------------------- <br/>Running method level tearDown
<br/></div></td></tr></tbody>
      <tbody class="passed results-table-row">
        <tr>
          <td class="col-result">Passed</td>
          <td class="col-name">login_tests.py::LoginTests::test_verifyLogin2</td>
          <td class="col-duration">109.56</td>
          <td class="col-links"></td></tr>
        <tr>
          <td class="extra" colspan="4">
            <div class="log"> -----------------------------Captured stdout setup------------------------------ <br/>Running method level setUp
<br/> ------------------------------Captured stderr call------------------------------ <br/>  File &quot;C:\Users\kamil\AppData\Local\Programs\Python\Python39\lib\runpy.py&quot;, line 197, in _run_module_as_main
    return _run_code(code, main_globals, None,
  File &quot;C:\Users\kamil\AppData\Local\Programs\Python\Python39\lib\runpy.py&quot;, line 87, in _run_code
    exec(code, run_globals)
  File &quot;C:\Users\kamil\AppData\Local\Programs\Python\Python39\Scripts\py.test.exe\__main__.py&quot;, line 7, in &lt;module&gt;
    sys.exit(console_main())
  File &quot;C:\Users\kamil\AppData\Local\Programs\Python\Python39\lib\site-packages\_pytest\config\__init__.py&quot;, line 185, in console_main
    code = main()
  File &quot;C:\Users\kamil\AppData\Local\Programs\Python\Python39\lib\site-packages\_pytest\config\__init__.py&quot;, line 162, in main
    ret: Union[ExitCode, int] = config.hook.pytest_cmdline_main(
  File &quot;C:\Users\kamil\AppData\Local\Programs\Python\Python39\lib\site-packages\pluggy\_hooks.py&quot;, line 265, in __call__
    return self._hookexec(self.name, self.get_hookimpls(), kwargs, firstresult)
  File &quot;C:\Users\kamil\AppData\Local\Programs\Python\Python39\lib\site-packages\pluggy\_manager.py&quot;, line 80, in _hookexec
    return self._inner_hookexec(hook_name, methods, kwargs, firstresult)
  File &quot;C:\Users\kamil\AppData\Local\Programs\Python\Python39\lib\site-packages\pluggy\_callers.py&quot;, line 39, in _multicall
    res = hook_impl.function(*args)
  File &quot;C:\Users\kamil\AppData\Local\Programs\Python\Python39\lib\site-packages\_pytest\main.py&quot;, line 316, in pytest_cmdline_main
    return wrap_session(config, _main)
  File &quot;C:\Users\kamil\AppData\Local\Programs\Python\Python39\lib\site-packages\_pytest\main.py&quot;, line 269, in wrap_session
    session.exitstatus = doit(config, session) or 0
  File &quot;C:\Users\kamil\AppData\Local\Programs\Python\Python39\lib\site-packages\_pytest\main.py&quot;, line 323, in _main
    config.hook.pytest_runtestloop(session=session)
  File &quot;C:\Users\kamil\AppData\Local\Programs\Python\Python39\lib\site-packages\pluggy\_hooks.py&quot;, line 265, in __call__
    return self._hookexec(self.name, self.get_hookimpls(), kwargs, firstresult)
  File &quot;C:\Users\kamil\AppData\Local\Programs\Python\Python39\lib\site-packages\pluggy\_manager.py&quot;, line 80, in _hookexec
    return self._inner_hookexec(hook_name, methods, kwargs, firstresult)
  File &quot;C:\Users\kamil\AppData\Local\Programs\Python\Python39\lib\site-packages\pluggy\_callers.py&quot;, line 39, in _multicall
    res = hook_impl.function(*args)
  File &quot;C:\Users\kamil\AppData\Local\Programs\Python\Python39\lib\site-packages\_pytest\main.py&quot;, line 348, in pytest_runtestloop
    item.config.hook.pytest_runtest_protocol(item=item, nextitem=nextitem)
  File &quot;C:\Users\kamil\AppData\Local\Programs\Python\Python39\lib\site-packages\pluggy\_hooks.py&quot;, line 265, in __call__
    return self._hookexec(self.name, self.get_hookimpls(), kwargs, firstresult)
  File &quot;C:\Users\kamil\AppData\Local\Programs\Python\Python39\lib\site-packages\pluggy\_manager.py&quot;, line 80, in _hookexec
    return self._inner_hookexec(hook_name, methods, kwargs, firstresult)
  File &quot;C:\Users\kamil\AppData\Local\Programs\Python\Python39\lib\site-packages\pluggy\_callers.py&quot;, line 39, in _multicall
    res = hook_impl.function(*args)
  File &quot;C:\Users\kamil\AppData\Local\Programs\Python\Python39\lib\site-packages\_pytest\runner.py&quot;, line 109, in pytest_runtest_protocol
    runtestprotocol(item, nextitem=nextitem)
  File &quot;C:\Users\kamil\AppData\Local\Programs\Python\Python39\lib\site-packages\_pytest\runner.py&quot;, line 126, in runtestprotocol
    reports.append(call_and_report(item, &quot;call&quot;, log))
  File &quot;C:\Users\kamil\AppData\Local\Programs\Python\Python39\lib\site-packages\_pytest\runner.py&quot;, line 215, in call_and_report
    call = call_runtest_hook(item, when, **kwds)
  File &quot;C:\Users\kamil\AppData\Local\Programs\Python\Python39\lib\site-packages\_pytest\runner.py&quot;, line 254, in call_runtest_hook
    return CallInfo.from_call(
  File &quot;C:\Users\kamil\AppData\Local\Programs\Python\Python39\lib\site-packages\_pytest\runner.py&quot;, line 311, in from_call
    result: Optional[TResult] = func()
  File &quot;C:\Users\kamil\AppData\Local\Programs\Python\Python39\lib\site-packages\_pytest\runner.py&quot;, line 255, in &lt;lambda&gt;
    lambda: ihook(item=item, **kwds), when=when, reraise=reraise
  File &quot;C:\Users\kamil\AppData\Local\Programs\Python\Python39\lib\site-packages\pluggy\_hooks.py&quot;, line 265, in __call__
    return self._hookexec(self.name, self.get_hookimpls(), kwargs, firstresult)
  File &quot;C:\Users\kamil\AppData\Local\Programs\Python\Python39\lib\site-packages\pluggy\_manager.py&quot;, line 80, in _hookexec
    return self._inner_hookexec(hook_name, methods, kwargs, firstresult)
  File &quot;C:\Users\kamil\AppData\Local\Programs\Python\Python39\lib\site-packages\pluggy\_callers.py&quot;, line 39, in _multicall
    res = hook_impl.function(*args)
  File &quot;C:\Users\kamil\AppData\Local\Programs\Python\Python39\lib\site-packages\_pytest\runner.py&quot;, line 162, in pytest_runtest_call
    item.runtest()
  File &quot;C:\Users\kamil\AppData\Local\Programs\Python\Python39\lib\site-packages\_pytest\unittest.py&quot;, line 321, in runtest
    self._testcase(result=self)  # type: ignore[arg-type]
  File &quot;C:\Users\kamil\AppData\Local\Programs\Python\Python39\lib\unittest\case.py&quot;, line 651, in __call__
    return self.run(*args, **kwds)
  File &quot;C:\Users\kamil\AppData\Local\Programs\Python\Python39\lib\unittest\case.py&quot;, line 592, in run
    self._callTestMethod(testMethod)
  File &quot;C:\Users\kamil\AppData\Local\Programs\Python\Python39\lib\unittest\case.py&quot;, line 550, in _callTestMethod
    method()
  File &quot;C:\Users\kamil\projects\letskodeit\tests\home\login_tests.py&quot;, line 97, in test_verifyLogin2
    self.lp.signInLink()
  File &quot;C:\Users\kamil\projects\letskodeit\pages\home\login_page.py&quot;, line 30, in signInLink
    self.elementClick(self._sign_in_button, locatorType=&quot;xpath&quot;)
  File &quot;C:\Users\kamil\projects\letskodeit\base\selenium_driver.py&quot;, line 104, in elementClick
    print_stack()
  File &quot;C:\Users\kamil\AppData\Local\Programs\Python\Python39\lib\runpy.py&quot;, line 197, in _run_module_as_main
    return _run_code(code, main_globals, None,
  File &quot;C:\Users\kamil\AppData\Local\Programs\Python\Python39\lib\runpy.py&quot;, line 87, in _run_code
    exec(code, run_globals)
  File &quot;C:\Users\kamil\AppData\Local\Programs\Python\Python39\Scripts\py.test.exe\__main__.py&quot;, line 7, in &lt;module&gt;
    sys.exit(console_main())
  File &quot;C:\Users\kamil\AppData\Local\Programs\Python\Python39\lib\site-packages\_pytest\config\__init__.py&quot;, line 185, in console_main
    code = main()
  File &quot;C:\Users\kamil\AppData\Local\Programs\Python\Python39\lib\site-packages\_pytest\config\__init__.py&quot;, line 162, in main
    ret: Union[ExitCode, int] = config.hook.pytest_cmdline_main(
  File &quot;C:\Users\kamil\AppData\Local\Programs\Python\Python39\lib\site-packages\pluggy\_hooks.py&quot;, line 265, in __call__
    return self._hookexec(self.name, self.get_hookimpls(), kwargs, firstresult)
  File &quot;C:\Users\kamil\AppData\Local\Programs\Python\Python39\lib\site-packages\pluggy\_manager.py&quot;, line 80, in _hookexec
    return self._inner_hookexec(hook_name, methods, kwargs, firstresult)
  File &quot;C:\Users\kamil\AppData\Local\Programs\Python\Python39\lib\site-packages\pluggy\_callers.py&quot;, line 39, in _multicall
    res = hook_impl.function(*args)
  File &quot;C:\Users\kamil\AppData\Local\Programs\Python\Python39\lib\site-packages\_pytest\main.py&quot;, line 316, in pytest_cmdline_main
    return wrap_session(config, _main)
  File &quot;C:\Users\kamil\AppData\Local\Programs\Python\Python39\lib\site-packages\_pytest\main.py&quot;, line 269, in wrap_session
    session.exitstatus = doit(config, session) or 0
  File &quot;C:\Users\kamil\AppData\Local\Programs\Python\Python39\lib\site-packages\_pytest\main.py&quot;, line 323, in _main
    config.hook.pytest_runtestloop(session=session)
  File &quot;C:\Users\kamil\AppData\Local\Programs\Python\Python39\lib\site-packages\pluggy\_hooks.py&quot;, line 265, in __call__
    return self._hookexec(self.name, self.get_hookimpls(), kwargs, firstresult)
  File &quot;C:\Users\kamil\AppData\Local\Programs\Python\Python39\lib\site-packages\pluggy\_manager.py&quot;, line 80, in _hookexec
    return self._inner_hookexec(hook_name, methods, kwargs, firstresult)
  File &quot;C:\Users\kamil\AppData\Local\Programs\Python\Python39\lib\site-packages\pluggy\_callers.py&quot;, line 39, in _multicall
    res = hook_impl.function(*args)
  File &quot;C:\Users\kamil\AppData\Local\Programs\Python\Python39\lib\site-packages\_pytest\main.py&quot;, line 348, in pytest_runtestloop
    item.config.hook.pytest_runtest_protocol(item=item, nextitem=nextitem)
  File &quot;C:\Users\kamil\AppData\Local\Programs\Python\Python39\lib\site-packages\pluggy\_hooks.py&quot;, line 265, in __call__
    return self._hookexec(self.name, self.get_hookimpls(), kwargs, firstresult)
  File &quot;C:\Users\kamil\AppData\Local\Programs\Python\Python39\lib\site-packages\pluggy\_manager.py&quot;, line 80, in _hookexec
    return self._inner_hookexec(hook_name, methods, kwargs, firstresult)
  File &quot;C:\Users\kamil\AppData\Local\Programs\Python\Python39\lib\site-packages\pluggy\_callers.py&quot;, line 39, in _multicall
    res = hook_impl.function(*args)
  File &quot;C:\Users\kamil\AppData\Local\Programs\Python\Python39\lib\site-packages\_pytest\runner.py&quot;, line 109, in pytest_runtest_protocol
    runtestprotocol(item, nextitem=nextitem)
  File &quot;C:\Users\kamil\AppData\Local\Programs\Python\Python39\lib\site-packages\_pytest\runner.py&quot;, line 126, in runtestprotocol
    reports.append(call_and_report(item, &quot;call&quot;, log))
  File &quot;C:\Users\kamil\AppData\Local\Programs\Python\Python39\lib\site-packages\_pytest\runner.py&quot;, line 215, in call_and_report
    call = call_runtest_hook(item, when, **kwds)
  File &quot;C:\Users\kamil\AppData\Local\Programs\Python\Python39\lib\site-packages\_pytest\runner.py&quot;, line 254, in call_runtest_hook
    return CallInfo.from_call(
  File &quot;C:\Users\kamil\AppData\Local\Programs\Python\Python39\lib\site-packages\_pytest\runner.py&quot;, line 311, in from_call
    result: Optional[TResult] = func()
  File &quot;C:\Users\kamil\AppData\Local\Programs\Python\Python39\lib\site-packages\_pytest\runner.py&quot;, line 255, in &lt;lambda&gt;
    lambda: ihook(item=item, **kwds), when=when, reraise=reraise
  File &quot;C:\Users\kamil\AppData\Local\Programs\Python\Python39\lib\site-packages\pluggy\_hooks.py&quot;, line 265, in __call__
    return self._hookexec(self.name, self.get_hookimpls(), kwargs, firstresult)
  File &quot;C:\Users\kamil\AppData\Local\Programs\Python\Python39\lib\site-packages\pluggy\_manager.py&quot;, line 80, in _hookexec
    return self._inner_hookexec(hook_name, methods, kwargs, firstresult)
  File &quot;C:\Users\kamil\AppData\Local\Programs\Python\Python39\lib\site-packages\pluggy\_callers.py&quot;, line 39, in _multicall
    res = hook_impl.function(*args)
  File &quot;C:\Users\kamil\AppData\Local\Programs\Python\Python39\lib\site-packages\_pytest\runner.py&quot;, line 162, in pytest_runtest_call
    item.runtest()
  File &quot;C:\Users\kamil\AppData\Local\Programs\Python\Python39\lib\site-packages\_pytest\unittest.py&quot;, line 321, in runtest
    self._testcase(result=self)  # type: ignore[arg-type]
  File &quot;C:\Users\kamil\AppData\Local\Programs\Python\Python39\lib\unittest\case.py&quot;, line 651, in __call__
    return self.run(*args, **kwds)
  File &quot;C:\Users\kamil\AppData\Local\Programs\Python\Python39\lib\unittest\case.py&quot;, line 592, in run
    self._callTestMethod(testMethod)
  File &quot;C:\Users\kamil\AppData\Local\Programs\Python\Python39\lib\unittest\case.py&quot;, line 550, in _callTestMethod
    method()
  File &quot;C:\Users\kamil\projects\letskodeit\tests\home\login_tests.py&quot;, line 100, in test_verifyLogin2
    self.lp.login(&quot;sellertesting@mailinator.com&quot;, &quot;1234567890&quot;)
  File &quot;C:\Users\kamil\projects\letskodeit\pages\home\login_page.py&quot;, line 54, in login
    self.enterEmail(email)
  File &quot;C:\Users\kamil\projects\letskodeit\pages\home\login_page.py&quot;, line 36, in enterEmail
    self.sendKeys(email, self._email_field, locatorType=&quot;xpath&quot;)
  File &quot;C:\Users\kamil\projects\letskodeit\base\selenium_driver.py&quot;, line 120, in sendKeys
    print_stack()
  File &quot;C:\Users\kamil\AppData\Local\Programs\Python\Python39\lib\runpy.py&quot;, line 197, in _run_module_as_main
    return _run_code(code, main_globals, None,
  File &quot;C:\Users\kamil\AppData\Local\Programs\Python\Python39\lib\runpy.py&quot;, line 87, in _run_code
    exec(code, run_globals)
  File &quot;C:\Users\kamil\AppData\Local\Programs\Python\Python39\Scripts\py.test.exe\__main__.py&quot;, line 7, in &lt;module&gt;
    sys.exit(console_main())
  File &quot;C:\Users\kamil\AppData\Local\Programs\Python\Python39\lib\site-packages\_pytest\config\__init__.py&quot;, line 185, in console_main
    code = main()
  File &quot;C:\Users\kamil\AppData\Local\Programs\Python\Python39\lib\site-packages\_pytest\config\__init__.py&quot;, line 162, in main
    ret: Union[ExitCode, int] = config.hook.pytest_cmdline_main(
  File &quot;C:\Users\kamil\AppData\Local\Programs\Python\Python39\lib\site-packages\pluggy\_hooks.py&quot;, line 265, in __call__
    return self._hookexec(self.name, self.get_hookimpls(), kwargs, firstresult)
  File &quot;C:\Users\kamil\AppData\Local\Programs\Python\Python39\lib\site-packages\pluggy\_manager.py&quot;, line 80, in _hookexec
    return self._inner_hookexec(hook_name, methods, kwargs, firstresult)
  File &quot;C:\Users\kamil\AppData\Local\Programs\Python\Python39\lib\site-packages\pluggy\_callers.py&quot;, line 39, in _multicall
    res = hook_impl.function(*args)
  File &quot;C:\Users\kamil\AppData\Local\Programs\Python\Python39\lib\site-packages\_pytest\main.py&quot;, line 316, in pytest_cmdline_main
    return wrap_session(config, _main)
  File &quot;C:\Users\kamil\AppData\Local\Programs\Python\Python39\lib\site-packages\_pytest\main.py&quot;, line 269, in wrap_session
    session.exitstatus = doit(config, session) or 0
  File &quot;C:\Users\kamil\AppData\Local\Programs\Python\Python39\lib\site-packages\_pytest\main.py&quot;, line 323, in _main
    config.hook.pytest_runtestloop(session=session)
  File &quot;C:\Users\kamil\AppData\Local\Programs\Python\Python39\lib\site-packages\pluggy\_hooks.py&quot;, line 265, in __call__
    return self._hookexec(self.name, self.get_hookimpls(), kwargs, firstresult)
  File &quot;C:\Users\kamil\AppData\Local\Programs\Python\Python39\lib\site-packages\pluggy\_manager.py&quot;, line 80, in _hookexec
    return self._inner_hookexec(hook_name, methods, kwargs, firstresult)
  File &quot;C:\Users\kamil\AppData\Local\Programs\Python\Python39\lib\site-packages\pluggy\_callers.py&quot;, line 39, in _multicall
    res = hook_impl.function(*args)
  File &quot;C:\Users\kamil\AppData\Local\Programs\Python\Python39\lib\site-packages\_pytest\main.py&quot;, line 348, in pytest_runtestloop
    item.config.hook.pytest_runtest_protocol(item=item, nextitem=nextitem)
  File &quot;C:\Users\kamil\AppData\Local\Programs\Python\Python39\lib\site-packages\pluggy\_hooks.py&quot;, line 265, in __call__
    return self._hookexec(self.name, self.get_hookimpls(), kwargs, firstresult)
  File &quot;C:\Users\kamil\AppData\Local\Programs\Python\Python39\lib\site-packages\pluggy\_manager.py&quot;, line 80, in _hookexec
    return self._inner_hookexec(hook_name, methods, kwargs, firstresult)
  File &quot;C:\Users\kamil\AppData\Local\Programs\Python\Python39\lib\site-packages\pluggy\_callers.py&quot;, line 39, in _multicall
    res = hook_impl.function(*args)
  File &quot;C:\Users\kamil\AppData\Local\Programs\Python\Python39\lib\site-packages\_pytest\runner.py&quot;, line 109, in pytest_runtest_protocol
    runtestprotocol(item, nextitem=nextitem)
  File &quot;C:\Users\kamil\AppData\Local\Programs\Python\Python39\lib\site-packages\_pytest\runner.py&quot;, line 126, in runtestprotocol
    reports.append(call_and_report(item, &quot;call&quot;, log))
  File &quot;C:\Users\kamil\AppData\Local\Programs\Python\Python39\lib\site-packages\_pytest\runner.py&quot;, line 215, in call_and_report
    call = call_runtest_hook(item, when, **kwds)
  File &quot;C:\Users\kamil\AppData\Local\Programs\Python\Python39\lib\site-packages\_pytest\runner.py&quot;, line 254, in call_runtest_hook
    return CallInfo.from_call(
  File &quot;C:\Users\kamil\AppData\Local\Programs\Python\Python39\lib\site-packages\_pytest\runner.py&quot;, line 311, in from_call
    result: Optional[TResult] = func()
  File &quot;C:\Users\kamil\AppData\Local\Programs\Python\Python39\lib\site-packages\_pytest\runner.py&quot;, line 255, in &lt;lambda&gt;
    lambda: ihook(item=item, **kwds), when=when, reraise=reraise
  File &quot;C:\Users\kamil\AppData\Local\Programs\Python\Python39\lib\site-packages\pluggy\_hooks.py&quot;, line 265, in __call__
    return self._hookexec(self.name, self.get_hookimpls(), kwargs, firstresult)
  File &quot;C:\Users\kamil\AppData\Local\Programs\Python\Python39\lib\site-packages\pluggy\_manager.py&quot;, line 80, in _hookexec
    return self._inner_hookexec(hook_name, methods, kwargs, firstresult)
  File &quot;C:\Users\kamil\AppData\Local\Programs\Python\Python39\lib\site-packages\pluggy\_callers.py&quot;, line 39, in _multicall
    res = hook_impl.function(*args)
  File &quot;C:\Users\kamil\AppData\Local\Programs\Python\Python39\lib\site-packages\_pytest\runner.py&quot;, line 162, in pytest_runtest_call
    item.runtest()
  File &quot;C:\Users\kamil\AppData\Local\Programs\Python\Python39\lib\site-packages\_pytest\unittest.py&quot;, line 321, in runtest
    self._testcase(result=self)  # type: ignore[arg-type]
  File &quot;C:\Users\kamil\AppData\Local\Programs\Python\Python39\lib\unittest\case.py&quot;, line 651, in __call__
    return self.run(*args, **kwds)
  File &quot;C:\Users\kamil\AppData\Local\Programs\Python\Python39\lib\unittest\case.py&quot;, line 592, in run
    self._callTestMethod(testMethod)
  File &quot;C:\Users\kamil\AppData\Local\Programs\Python\Python39\lib\unittest\case.py&quot;, line 550, in _callTestMethod
    method()
  File &quot;C:\Users\kamil\projects\letskodeit\tests\home\login_tests.py&quot;, line 100, in test_verifyLogin2
    self.lp.login(&quot;sellertesting@mailinator.com&quot;, &quot;1234567890&quot;)
  File &quot;C:\Users\kamil\projects\letskodeit\pages\home\login_page.py&quot;, line 55, in login
    self.enterPassword(password)
  File &quot;C:\Users\kamil\projects\letskodeit\pages\home\login_page.py&quot;, line 39, in enterPassword
    self.sendKeys(password, self._password_field, locatorType=&quot;xpath&quot;)
  File &quot;C:\Users\kamil\projects\letskodeit\base\selenium_driver.py&quot;, line 120, in sendKeys
    print_stack()
  File &quot;C:\Users\kamil\AppData\Local\Programs\Python\Python39\lib\runpy.py&quot;, line 197, in _run_module_as_main
    return _run_code(code, main_globals, None,
  File &quot;C:\Users\kamil\AppData\Local\Programs\Python\Python39\lib\runpy.py&quot;, line 87, in _run_code
    exec(code, run_globals)
  File &quot;C:\Users\kamil\AppData\Local\Programs\Python\Python39\Scripts\py.test.exe\__main__.py&quot;, line 7, in &lt;module&gt;
    sys.exit(console_main())
  File &quot;C:\Users\kamil\AppData\Local\Programs\Python\Python39\lib\site-packages\_pytest\config\__init__.py&quot;, line 185, in console_main
    code = main()
  File &quot;C:\Users\kamil\AppData\Local\Programs\Python\Python39\lib\site-packages\_pytest\config\__init__.py&quot;, line 162, in main
    ret: Union[ExitCode, int] = config.hook.pytest_cmdline_main(
  File &quot;C:\Users\kamil\AppData\Local\Programs\Python\Python39\lib\site-packages\pluggy\_hooks.py&quot;, line 265, in __call__
    return self._hookexec(self.name, self.get_hookimpls(), kwargs, firstresult)
  File &quot;C:\Users\kamil\AppData\Local\Programs\Python\Python39\lib\site-packages\pluggy\_manager.py&quot;, line 80, in _hookexec
    return self._inner_hookexec(hook_name, methods, kwargs, firstresult)
  File &quot;C:\Users\kamil\AppData\Local\Programs\Python\Python39\lib\site-packages\pluggy\_callers.py&quot;, line 39, in _multicall
    res = hook_impl.function(*args)
  File &quot;C:\Users\kamil\AppData\Local\Programs\Python\Python39\lib\site-packages\_pytest\main.py&quot;, line 316, in pytest_cmdline_main
    return wrap_session(config, _main)
  File &quot;C:\Users\kamil\AppData\Local\Programs\Python\Python39\lib\site-packages\_pytest\main.py&quot;, line 269, in wrap_session
    session.exitstatus = doit(config, session) or 0
  File &quot;C:\Users\kamil\AppData\Local\Programs\Python\Python39\lib\site-packages\_pytest\main.py&quot;, line 323, in _main
    config.hook.pytest_runtestloop(session=session)
  File &quot;C:\Users\kamil\AppData\Local\Programs\Python\Python39\lib\site-packages\pluggy\_hooks.py&quot;, line 265, in __call__
    return self._hookexec(self.name, self.get_hookimpls(), kwargs, firstresult)
  File &quot;C:\Users\kamil\AppData\Local\Programs\Python\Python39\lib\site-packages\pluggy\_manager.py&quot;, line 80, in _hookexec
    return self._inner_hookexec(hook_name, methods, kwargs, firstresult)
  File &quot;C:\Users\kamil\AppData\Local\Programs\Python\Python39\lib\site-packages\pluggy\_callers.py&quot;, line 39, in _multicall
    res = hook_impl.function(*args)
  File &quot;C:\Users\kamil\AppData\Local\Programs\Python\Python39\lib\site-packages\_pytest\main.py&quot;, line 348, in pytest_runtestloop
    item.config.hook.pytest_runtest_protocol(item=item, nextitem=nextitem)
  File &quot;C:\Users\kamil\AppData\Local\Programs\Python\Python39\lib\site-packages\pluggy\_hooks.py&quot;, line 265, in __call__
    return self._hookexec(self.name, self.get_hookimpls(), kwargs, firstresult)
  File &quot;C:\Users\kamil\AppData\Local\Programs\Python\Python39\lib\site-packages\pluggy\_manager.py&quot;, line 80, in _hookexec
    return self._inner_hookexec(hook_name, methods, kwargs, firstresult)
  File &quot;C:\Users\kamil\AppData\Local\Programs\Python\Python39\lib\site-packages\pluggy\_callers.py&quot;, line 39, in _multicall
    res = hook_impl.function(*args)
  File &quot;C:\Users\kamil\AppData\Local\Programs\Python\Python39\lib\site-packages\_pytest\runner.py&quot;, line 109, in pytest_runtest_protocol
    runtestprotocol(item, nextitem=nextitem)
  File &quot;C:\Users\kamil\AppData\Local\Programs\Python\Python39\lib\site-packages\_pytest\runner.py&quot;, line 126, in runtestprotocol
    reports.append(call_and_report(item, &quot;call&quot;, log))
  File &quot;C:\Users\kamil\AppData\Local\Programs\Python\Python39\lib\site-packages\_pytest\runner.py&quot;, line 215, in call_and_report
    call = call_runtest_hook(item, when, **kwds)
  File &quot;C:\Users\kamil\AppData\Local\Programs\Python\Python39\lib\site-packages\_pytest\runner.py&quot;, line 254, in call_runtest_hook
    return CallInfo.from_call(
  File &quot;C:\Users\kamil\AppData\Local\Programs\Python\Python39\lib\site-packages\_pytest\runner.py&quot;, line 311, in from_call
    result: Optional[TResult] = func()
  File &quot;C:\Users\kamil\AppData\Local\Programs\Python\Python39\lib\site-packages\_pytest\runner.py&quot;, line 255, in &lt;lambda&gt;
    lambda: ihook(item=item, **kwds), when=when, reraise=reraise
  File &quot;C:\Users\kamil\AppData\Local\Programs\Python\Python39\lib\site-packages\pluggy\_hooks.py&quot;, line 265, in __call__
    return self._hookexec(self.name, self.get_hookimpls(), kwargs, firstresult)
  File &quot;C:\Users\kamil\AppData\Local\Programs\Python\Python39\lib\site-packages\pluggy\_manager.py&quot;, line 80, in _hookexec
    return self._inner_hookexec(hook_name, methods, kwargs, firstresult)
  File &quot;C:\Users\kamil\AppData\Local\Programs\Python\Python39\lib\site-packages\pluggy\_callers.py&quot;, line 39, in _multicall
    res = hook_impl.function(*args)
  File &quot;C:\Users\kamil\AppData\Local\Programs\Python\Python39\lib\site-packages\_pytest\runner.py&quot;, line 162, in pytest_runtest_call
    item.runtest()
  File &quot;C:\Users\kamil\AppData\Local\Programs\Python\Python39\lib\site-packages\_pytest\unittest.py&quot;, line 321, in runtest
    self._testcase(result=self)  # type: ignore[arg-type]
  File &quot;C:\Users\kamil\AppData\Local\Programs\Python\Python39\lib\unittest\case.py&quot;, line 651, in __call__
    return self.run(*args, **kwds)
  File &quot;C:\Users\kamil\AppData\Local\Programs\Python\Python39\lib\unittest\case.py&quot;, line 592, in run
    self._callTestMethod(testMethod)
  File &quot;C:\Users\kamil\AppData\Local\Programs\Python\Python39\lib\unittest\case.py&quot;, line 550, in _callTestMethod
    method()
  File &quot;C:\Users\kamil\projects\letskodeit\tests\home\login_tests.py&quot;, line 100, in test_verifyLogin2
    self.lp.login(&quot;sellertesting@mailinator.com&quot;, &quot;1234567890&quot;)
  File &quot;C:\Users\kamil\projects\letskodeit\pages\home\login_page.py&quot;, line 57, in login
    self.clickLoginButton()
  File &quot;C:\Users\kamil\projects\letskodeit\pages\home\login_page.py&quot;, line 42, in clickLoginButton
    self.elementClick(self._login_button, locatorType=&quot;xpath&quot;)
  File &quot;C:\Users\kamil\projects\letskodeit\base\selenium_driver.py&quot;, line 104, in elementClick
    print_stack()
<br/> -------------------------------Captured log call-------------------------------- <br/>INFO     LoginPage:selenium_driver.py:69 Element not found with locator: //div[contains(@class,&#x27;right-top&#x27;)]//a/span[contains(text(),&#x27;Sign&#x27;)] and  locatorType: xpath
INFO     LoginPage:selenium_driver.py:102 Cannot click on the element with locator: //div[contains(@class,&#x27;right-top&#x27;)]//a/span[contains(text(),&#x27;Sign&#x27;)] locatorType: xpath
INFO     LoginPage:selenium_driver.py:69 Element not found with locator: //div[contains(@class,&#x27;create-account&#x27;)]//input[contains(@placeholder,&#x27;Email *&#x27;)] and  locatorType: xpath
INFO     LoginPage:selenium_driver.py:118 Cannot send data on the element with locator: //div[contains(@class,&#x27;create-account&#x27;)]//input[contains(@placeholder,&#x27;Email *&#x27;)] locatorType: xpath
INFO     LoginPage:selenium_driver.py:69 Element not found with locator: //div[contains(@class,&#x27;create-account&#x27;)]//input[contains(@placeholder,&#x27;Password *&#x27;)] and  locatorType: xpath
INFO     LoginPage:selenium_driver.py:118 Cannot send data on the element with locator: //div[contains(@class,&#x27;create-account&#x27;)]//input[contains(@placeholder,&#x27;Password *&#x27;)] locatorType: xpath
INFO     LoginPage:selenium_driver.py:69 Element not found with locator: //button[contains(text(),&#x27;SIGN&#x27;)] and  locatorType: xpath
INFO     LoginPage:selenium_driver.py:102 Cannot click on the element with locator: //button[contains(text(),&#x27;SIGN&#x27;)] locatorType: xpath
INFO     LoginPage:selenium_driver.py:66 Element found with locator: //li/a/i and  locatorType: xpath
INFO     LoginPage:selenium_driver.py:156 Element present with locator: //li/a/i locatorType: xpath<br/> ----------------------------Captured stdout teardown---------------------------- <br/>Running method level tearDown
<br/></div></td></tr></tbody>
      <tbody class="passed results-table-row">
        <tr>
          <td class="col-result">Passed</td>
          <td class="col-name">login_tests.py::LoginTests::test_verifyLogout</td>
          <td class="col-duration">15.30</td>
          <td class="col-links"></td></tr>
        <tr>
          <td class="extra" colspan="4">
            <div class="log"> -----------------------------Captured stdout setup------------------------------ <br/>Running method level setUp
<br/> ------------------------------Captured stderr call------------------------------ <br/>  File &quot;C:\Users\kamil\AppData\Local\Programs\Python\Python39\lib\runpy.py&quot;, line 197, in _run_module_as_main
    return _run_code(code, main_globals, None,
  File &quot;C:\Users\kamil\AppData\Local\Programs\Python\Python39\lib\runpy.py&quot;, line 87, in _run_code
    exec(code, run_globals)
  File &quot;C:\Users\kamil\AppData\Local\Programs\Python\Python39\Scripts\py.test.exe\__main__.py&quot;, line 7, in &lt;module&gt;
    sys.exit(console_main())
  File &quot;C:\Users\kamil\AppData\Local\Programs\Python\Python39\lib\site-packages\_pytest\config\__init__.py&quot;, line 185, in console_main
    code = main()
  File &quot;C:\Users\kamil\AppData\Local\Programs\Python\Python39\lib\site-packages\_pytest\config\__init__.py&quot;, line 162, in main
    ret: Union[ExitCode, int] = config.hook.pytest_cmdline_main(
  File &quot;C:\Users\kamil\AppData\Local\Programs\Python\Python39\lib\site-packages\pluggy\_hooks.py&quot;, line 265, in __call__
    return self._hookexec(self.name, self.get_hookimpls(), kwargs, firstresult)
  File &quot;C:\Users\kamil\AppData\Local\Programs\Python\Python39\lib\site-packages\pluggy\_manager.py&quot;, line 80, in _hookexec
    return self._inner_hookexec(hook_name, methods, kwargs, firstresult)
  File &quot;C:\Users\kamil\AppData\Local\Programs\Python\Python39\lib\site-packages\pluggy\_callers.py&quot;, line 39, in _multicall
    res = hook_impl.function(*args)
  File &quot;C:\Users\kamil\AppData\Local\Programs\Python\Python39\lib\site-packages\_pytest\main.py&quot;, line 316, in pytest_cmdline_main
    return wrap_session(config, _main)
  File &quot;C:\Users\kamil\AppData\Local\Programs\Python\Python39\lib\site-packages\_pytest\main.py&quot;, line 269, in wrap_session
    session.exitstatus = doit(config, session) or 0
  File &quot;C:\Users\kamil\AppData\Local\Programs\Python\Python39\lib\site-packages\_pytest\main.py&quot;, line 323, in _main
    config.hook.pytest_runtestloop(session=session)
  File &quot;C:\Users\kamil\AppData\Local\Programs\Python\Python39\lib\site-packages\pluggy\_hooks.py&quot;, line 265, in __call__
    return self._hookexec(self.name, self.get_hookimpls(), kwargs, firstresult)
  File &quot;C:\Users\kamil\AppData\Local\Programs\Python\Python39\lib\site-packages\pluggy\_manager.py&quot;, line 80, in _hookexec
    return self._inner_hookexec(hook_name, methods, kwargs, firstresult)
  File &quot;C:\Users\kamil\AppData\Local\Programs\Python\Python39\lib\site-packages\pluggy\_callers.py&quot;, line 39, in _multicall
    res = hook_impl.function(*args)
  File &quot;C:\Users\kamil\AppData\Local\Programs\Python\Python39\lib\site-packages\_pytest\main.py&quot;, line 348, in pytest_runtestloop
    item.config.hook.pytest_runtest_protocol(item=item, nextitem=nextitem)
  File &quot;C:\Users\kamil\AppData\Local\Programs\Python\Python39\lib\site-packages\pluggy\_hooks.py&quot;, line 265, in __call__
    return self._hookexec(self.name, self.get_hookimpls(), kwargs, firstresult)
  File &quot;C:\Users\kamil\AppData\Local\Programs\Python\Python39\lib\site-packages\pluggy\_manager.py&quot;, line 80, in _hookexec
    return self._inner_hookexec(hook_name, methods, kwargs, firstresult)
  File &quot;C:\Users\kamil\AppData\Local\Programs\Python\Python39\lib\site-packages\pluggy\_callers.py&quot;, line 39, in _multicall
    res = hook_impl.function(*args)
  File &quot;C:\Users\kamil\AppData\Local\Programs\Python\Python39\lib\site-packages\_pytest\runner.py&quot;, line 109, in pytest_runtest_protocol
    runtestprotocol(item, nextitem=nextitem)
  File &quot;C:\Users\kamil\AppData\Local\Programs\Python\Python39\lib\site-packages\_pytest\runner.py&quot;, line 126, in runtestprotocol
    reports.append(call_and_report(item, &quot;call&quot;, log))
  File &quot;C:\Users\kamil\AppData\Local\Programs\Python\Python39\lib\site-packages\_pytest\runner.py&quot;, line 215, in call_and_report
    call = call_runtest_hook(item, when, **kwds)
  File &quot;C:\Users\kamil\AppData\Local\Programs\Python\Python39\lib\site-packages\_pytest\runner.py&quot;, line 254, in call_runtest_hook
    return CallInfo.from_call(
  File &quot;C:\Users\kamil\AppData\Local\Programs\Python\Python39\lib\site-packages\_pytest\runner.py&quot;, line 311, in from_call
    result: Optional[TResult] = func()
  File &quot;C:\Users\kamil\AppData\Local\Programs\Python\Python39\lib\site-packages\_pytest\runner.py&quot;, line 255, in &lt;lambda&gt;
    lambda: ihook(item=item, **kwds), when=when, reraise=reraise
  File &quot;C:\Users\kamil\AppData\Local\Programs\Python\Python39\lib\site-packages\pluggy\_hooks.py&quot;, line 265, in __call__
    return self._hookexec(self.name, self.get_hookimpls(), kwargs, firstresult)
  File &quot;C:\Users\kamil\AppData\Local\Programs\Python\Python39\lib\site-packages\pluggy\_manager.py&quot;, line 80, in _hookexec
    return self._inner_hookexec(hook_name, methods, kwargs, firstresult)
  File &quot;C:\Users\kamil\AppData\Local\Programs\Python\Python39\lib\site-packages\pluggy\_callers.py&quot;, line 39, in _multicall
    res = hook_impl.function(*args)
  File &quot;C:\Users\kamil\AppData\Local\Programs\Python\Python39\lib\site-packages\_pytest\runner.py&quot;, line 162, in pytest_runtest_call
    item.runtest()
  File &quot;C:\Users\kamil\AppData\Local\Programs\Python\Python39\lib\site-packages\_pytest\unittest.py&quot;, line 321, in runtest
    self._testcase(result=self)  # type: ignore[arg-type]
  File &quot;C:\Users\kamil\AppData\Local\Programs\Python\Python39\lib\unittest\case.py&quot;, line 651, in __call__
    return self.run(*args, **kwds)
  File &quot;C:\Users\kamil\AppData\Local\Programs\Python\Python39\lib\unittest\case.py&quot;, line 592, in run
    self._callTestMethod(testMethod)
  File &quot;C:\Users\kamil\AppData\Local\Programs\Python\Python39\lib\unittest\case.py&quot;, line 550, in _callTestMethod
    method()
  File &quot;C:\Users\kamil\projects\letskodeit\tests\home\login_tests.py&quot;, line 107, in test_verifyLogout
    result = self.lp.verifyLogout()
  File &quot;C:\Users\kamil\projects\letskodeit\pages\home\login_page.py&quot;, line 92, in verifyLogout
    menu_button = self.elementClick(&#x27;//button[contains(@id, &quot;react-burger-menu-btn&quot;)]&#x27;, locatorType=&quot;xpath&quot;)
  File &quot;C:\Users\kamil\projects\letskodeit\base\selenium_driver.py&quot;, line 104, in elementClick
    print_stack()
<br/> -------------------------------Captured log call-------------------------------- <br/>INFO     LoginPage:selenium_driver.py:69 Element not found with locator: //button[contains(@id, &quot;react-burger-menu-btn&quot;)] and  locatorType: xpath
INFO     LoginPage:selenium_driver.py:102 Cannot click on the element with locator: //button[contains(@id, &quot;react-burger-menu-btn&quot;)] locatorType: xpath
INFO     LoginPage:selenium_driver.py:66 Element found with locator: //ul[contains(@class,&#x27;cart-sign&#x27;)]//a[2] and  locatorType: xpath
INFO     LoginPage:selenium_driver.py:99 Clicked on element with locator: //ul[contains(@class,&#x27;cart-sign&#x27;)]//a[2] locatorType: xpath
INFO     LoginPage:selenium_driver.py:66 Element found with locator: //ul[contains(@class,&#x27;cart-sign&#x27;)]//span[2] and  locatorType: xpath
INFO     LoginPage:selenium_driver.py:156 Element present with locator: //ul[contains(@class,&#x27;cart-sign&#x27;)]//span[2] locatorType: xpath<br/> ----------------------------Captured stdout teardown---------------------------- <br/>Running method level tearDown
Running one time tearDown
<br/></div></td></tr></tbody></table></body></html>